<?xml version="1.0" encoding="UTF-8"?>
<testng-results skipped="0" failed="0" ignored="0" total="2" passed="2">
  <reporter-output>
  </reporter-output>
  <suite name="TestDemo" duration-ms="28" started-at="2020-03-25T16:06:08 IST" finished-at="2020-03-25T16:06:08 IST">
    <groups>
    </groups>
    <test name="Demo1" duration-ms="28" started-at="2020-03-25T16:06:08 IST" finished-at="2020-03-25T16:06:08 IST">
      <class name="Demo.NewTest">
        <test-method status="PASS" signature="demotest()[pri:0, instance:Demo.NewTest@7085bdee]" name="demotest" duration-ms="3" started-at="2020-03-25T16:06:08 IST" finished-at="2020-03-25T16:06:08 IST">
          <reporter-output>
          </reporter-output>
        </test-method> <!-- demotest -->
      </class> <!-- Demo.NewTest -->
      <class name="Demo.Class2">
        <test-method status="PASS" signature="method()[pri:0, instance:Demo.Class2@1ce92674]" name="method" duration-ms="0" started-at="2020-03-25T16:06:08 IST" finished-at="2020-03-25T16:06:08 IST">
          <reporter-output>
          </reporter-output>
        </test-method> <!-- method -->
      </class> <!-- Demo.Class2 -->
    </test> <!-- Demo1 -->
  </suite> <!-- TestDemo -->
</testng-results>
